1722355203018	geckodriver	INFO	Listening on 127.0.0.1:51750
1722355273750	geckodriver	INFO	Listening on 127.0.0.1:51838
1722355351936	geckodriver	INFO	Listening on 127.0.0.1:51855
1722355377954	geckodriver	INFO	Listening on 127.0.0.1:51864
1722355393490	geckodriver	INFO	Listening on 127.0.0.1:51872
1722355404959	geckodriver	INFO	Listening on 127.0.0.1:51880
1722355541783	geckodriver	INFO	Listening on 127.0.0.1:51919
1722355579901	geckodriver	INFO	Listening on 127.0.0.1:51940
1722355582971	mozrunner::runner	INFO	Running command: "C:\\Program Files\\Mozilla Firefox\\firefox.exe" "--marionette" "--remote-debugging-port" "51941" "--remote-allow-hosts" "localhost" "-no-remote" "-profile" "C:\\Users\\COMPUT~1\\AppData\\Local\\Temp\\rust_mozprofileFr5cFh"
console.warn: services.settings: Ignoring preference override of remote settings server
console.warn: services.settings: Allow by setting MOZ_REMOTE_SETTINGS_DEVTOOLS=1 in the environment
Dynamically enable window occlusion 0
1722355583250	Marionette	INFO	Marionette enabled
1722355583325	Marionette	INFO	Listening on port 51948
WebDriver BiDi listening on ws://127.0.0.1:51941
Read port: 51948
1722355583496	RemoteAgent	WARN	TLS certificate errors will be ignored for this session
DevTools listening on ws://127.0.0.1:51941/devtools/browser/fd4dc97e-e542-4775-b108-1e3bb7c1ac89
JavaScript warning: https://www.triplejack.com/poker/main.e68d1d8d8a85a5480674.js, line 537: WebGL context was lost.
console.warn: LoginRecipes: "Falling back to a synchronous message for: https://www.triplejack.com."
JavaScript warning: https://www.triplejack.com/poker/main.e68d1d8d8a85a5480674.js, line 537: WEBGL_debug_renderer_info is deprecated in Firefox and will be removed. Please use RENDERER.
1722355613286	addons.xpi	ERROR	System addon update list error SyntaxError: XMLHttpRequest.open: 'http://%(server)s/dummy-system-addons.xml' is not a valid URL.
JavaScript warning: https://www.triplejack.com/poker/main.e68d1d8d8a85a5480674.js, line 2: Script terminated by timeout at:
3653/a.leaveBreadcrumb@https://www.triplejack.com/poker/main.e68d1d8d8a85a5480674.js:2:23133
3653/it/load/n/e.exports@https://www.triplejack.com/poker/main.e68d1d8d8a85a5480674.js:2:37036

1722355632803	Marionette	INFO	Stopped listening on port 51948
Dynamically enable window occlusion 1
1722355715596	geckodriver	INFO	Listening on 127.0.0.1:52021
1722355718644	mozrunner::runner	INFO	Running command: "C:\\Program Files\\Mozilla Firefox\\firefox.exe" "--marionette" "--remote-debugging-port" "52022" "--remote-allow-hosts" "localhost" "-no-remote" "-profile" "C:\\Users\\COMPUT~1\\AppData\\Local\\Temp\\rust_mozprofilea3m0AS"
console.warn: services.settings: Ignoring preference override of remote settings server
console.warn: services.settings: Allow by setting MOZ_REMOTE_SETTINGS_DEVTOOLS=1 in the environment
Dynamically enable window occlusion 0
1722355718896	Marionette	INFO	Marionette enabled
1722355718957	Marionette	INFO	Listening on port 52029
WebDriver BiDi listening on ws://127.0.0.1:52022
Read port: 52029
1722355719065	RemoteAgent	WARN	TLS certificate errors will be ignored for this session
DevTools listening on ws://127.0.0.1:52022/devtools/browser/aaec9765-04f2-44ba-9c02-2cfe0943bc8f
JavaScript warning: https://www.triplejack.com/poker/main.e68d1d8d8a85a5480674.js, line 537: WebGL context was lost.
console.warn: LoginRecipes: "Falling back to a synchronous message for: https://www.triplejack.com."
JavaScript warning: https://www.triplejack.com/poker/main.e68d1d8d8a85a5480674.js, line 537: WEBGL_debug_renderer_info is deprecated in Firefox and will be removed. Please use RENDERER.
1722355749051	addons.xpi	ERROR	System addon update list error SyntaxError: XMLHttpRequest.open: 'http://%(server)s/dummy-system-addons.xml' is not a valid URL.
JavaScript error: resource://gre/actors/AudioPlaybackChild.sys.mjs, line 17: InvalidStateError: JSWindowActorChild.sendAsyncMessage: JSWindowActorChild cannot send at the moment
1722355758902	Marionette	INFO	Stopped listening on port 52029
Dynamically enable window occlusion 1
1722355783261	geckodriver	INFO	Listening on 127.0.0.1:52092
1722355786295	mozrunner::runner	INFO	Running command: "C:\\Program Files\\Mozilla Firefox\\firefox.exe" "--marionette" "--remote-debugging-port" "52093" "--remote-allow-hosts" "localhost" "-no-remote" "-profile" "C:\\Users\\COMPUT~1\\AppData\\Local\\Temp\\rust_mozprofile6IMFs7"
console.warn: services.settings: Ignoring preference override of remote settings server
console.warn: services.settings: Allow by setting MOZ_REMOTE_SETTINGS_DEVTOOLS=1 in the environment
Dynamically enable window occlusion 0
1722355786542	Marionette	INFO	Marionette enabled
1722355786604	Marionette	INFO	Listening on port 52100
WebDriver BiDi listening on ws://127.0.0.1:52093
Read port: 52100
1722355786722	RemoteAgent	WARN	TLS certificate errors will be ignored for this session
DevTools listening on ws://127.0.0.1:52093/devtools/browser/25461a71-6a77-45a5-a98a-cae12d2bf582
JavaScript warning: https://www.triplejack.com/poker/main.e68d1d8d8a85a5480674.js, line 537: WebGL context was lost.
console.warn: LoginRecipes: "Falling back to a synchronous message for: https://www.triplejack.com."
JavaScript warning: https://www.triplejack.com/poker/main.e68d1d8d8a85a5480674.js, line 537: WEBGL_debug_renderer_info is deprecated in Firefox and will be removed. Please use RENDERER.
Exiting due to channel error.
1722355854697	geckodriver	INFO	Listening on 127.0.0.1:52186
1722355857744	mozrunner::runner	INFO	Running command: "C:\\Program Files\\Mozilla Firefox\\firefox.exe" "--marionette" "--remote-debugging-port" "52187" "--remote-allow-hosts" "localhost" "-no-remote" "-profile" "C:\\Users\\COMPUT~1\\AppData\\Local\\Temp\\rust_mozprofileNBM0Hi"
console.warn: services.settings: Ignoring preference override of remote settings server
console.warn: services.settings: Allow by setting MOZ_REMOTE_SETTINGS_DEVTOOLS=1 in the environment
Dynamically enable window occlusion 0
1722355857979	Marionette	INFO	Marionette enabled
1722355858043	Marionette	INFO	Listening on port 52194
WebDriver BiDi listening on ws://127.0.0.1:52187
Read port: 52194
1722355858180	RemoteAgent	WARN	TLS certificate errors will be ignored for this session
DevTools listening on ws://127.0.0.1:52187/devtools/browser/995cbb49-3521-47e2-9124-c7b52d4e18d3
JavaScript warning: https://www.triplejack.com/poker/main.e68d1d8d8a85a5480674.js, line 537: WebGL context was lost.
console.warn: LoginRecipes: "Falling back to a synchronous message for: https://www.triplejack.com."
JavaScript warning: https://www.triplejack.com/poker/main.e68d1d8d8a85a5480674.js, line 537: WEBGL_debug_renderer_info is deprecated in Firefox and will be removed. Please use RENDERER.
1722355888717	addons.xpi	ERROR	System addon update list error SyntaxError: XMLHttpRequest.open: 'http://%(server)s/dummy-system-addons.xml' is not a valid URL.
1722356009055	geckodriver	INFO	Listening on 127.0.0.1:52306
1722356012122	mozrunner::runner	INFO	Running command: "C:\\Program Files\\Mozilla Firefox\\firefox.exe" "--marionette" "--remote-debugging-port" "52307" "--remote-allow-hosts" "localhost" "-no-remote" "-profile" "C:\\Users\\COMPUT~1\\AppData\\Local\\Temp\\rust_mozprofile5htPSS"
console.warn: services.settings: Ignoring preference override of remote settings server
console.warn: services.settings: Allow by setting MOZ_REMOTE_SETTINGS_DEVTOOLS=1 in the environment
Dynamically enable window occlusion 0
1722356015094	Marionette	INFO	Marionette enabled
1722356015166	Marionette	INFO	Listening on port 52314
WebDriver BiDi listening on ws://127.0.0.1:52307
Read port: 52314
1722356015300	RemoteAgent	WARN	TLS certificate errors will be ignored for this session
DevTools listening on ws://127.0.0.1:52307/devtools/browser/50df4d7f-7747-44ba-a1fd-f61235e7b896
JavaScript warning: https://www.triplejack.com/poker/main.e68d1d8d8a85a5480674.js, line 537: WebGL context was lost.
console.warn: LoginRecipes: "Falling back to a synchronous message for: https://www.triplejack.com."
JavaScript warning: https://www.triplejack.com/poker/main.e68d1d8d8a85a5480674.js, line 537: WEBGL_debug_renderer_info is deprecated in Firefox and will be removed. Please use RENDERER.
JavaScript warning: https://www.triplejack.com/poker/main.e68d1d8d8a85a5480674.js, line 2: Script terminated by timeout at:
3653/a.leaveBreadcrumb@https://www.triplejack.com/poker/main.e68d1d8d8a85a5480674.js:2:23133
3653/it/load/n/e.exports@https://www.triplejack.com/poker/main.e68d1d8d8a85a5480674.js:2:37036

1722356027516	Marionette	INFO	Stopped listening on port 52314
Dynamically enable window occlusion 1
1722356051937	geckodriver	INFO	Listening on 127.0.0.1:52389
1722356054993	mozrunner::runner	INFO	Running command: "C:\\Program Files\\Mozilla Firefox\\firefox.exe" "--marionette" "--remote-debugging-port" "52390" "--remote-allow-hosts" "localhost" "-no-remote" "-profile" "C:\\Users\\COMPUT~1\\AppData\\Local\\Temp\\rust_mozprofilewNac7j"
console.warn: services.settings: Ignoring preference override of remote settings server
console.warn: services.settings: Allow by setting MOZ_REMOTE_SETTINGS_DEVTOOLS=1 in the environment
Dynamically enable window occlusion 0
1722356057681	Marionette	INFO	Marionette enabled
1722356057745	Marionette	INFO	Listening on port 52397
WebDriver BiDi listening on ws://127.0.0.1:52390
Read port: 52397
1722356057867	RemoteAgent	WARN	TLS certificate errors will be ignored for this session
DevTools listening on ws://127.0.0.1:52390/devtools/browser/49e8b626-260b-4a02-8ba3-7ea10e40e502
JavaScript warning: https://www.triplejack.com/poker/main.e68d1d8d8a85a5480674.js, line 537: WebGL context was lost.
console.warn: LoginRecipes: "Falling back to a synchronous message for: https://www.triplejack.com."
JavaScript warning: https://www.triplejack.com/poker/main.e68d1d8d8a85a5480674.js, line 537: WEBGL_debug_renderer_info is deprecated in Firefox and will be removed. Please use RENDERER.
1722356087794	addons.xpi	ERROR	System addon update list error SyntaxError: XMLHttpRequest.open: 'http://%(server)s/dummy-system-addons.xml' is not a valid URL.
JavaScript warning: https://www.triplejack.com/poker/main.e68d1d8d8a85a5480674.js, line 2: Script terminated by timeout at:
3653/a.leaveBreadcrumb@https://www.triplejack.com/poker/main.e68d1d8d8a85a5480674.js:2:23133
3653/it/load/n/e.exports@https://www.triplejack.com/poker/main.e68d1d8d8a85a5480674.js:2:37036

JavaScript error: resource://gre/actors/AudioPlaybackChild.sys.mjs, line 17: InvalidStateError: JSWindowActorChild.sendAsyncMessage: JSWindowActorChild cannot send at the moment
1722356090767	Marionette	INFO	Stopped listening on port 52397
Dynamically enable window occlusion 1
console.error: (new Error("IndexedDB: main/quicksuggest getLastModified() IndexedDB:  execute() The application is shutting down", "resource://services-settings/IDBHelpers.sys.mjs", 16))
1722356151320	geckodriver	INFO	Listening on 127.0.0.1:52481
1722356154391	mozrunner::runner	INFO	Running command: "C:\\Program Files\\Mozilla Firefox\\firefox.exe" "--marionette" "--remote-debugging-port" "52482" "--remote-allow-hosts" "localhost" "-no-remote" "-profile" "C:\\Users\\COMPUT~1\\AppData\\Local\\Temp\\rust_mozprofilecciiHr"
console.warn: services.settings: Ignoring preference override of remote settings server
console.warn: services.settings: Allow by setting MOZ_REMOTE_SETTINGS_DEVTOOLS=1 in the environment
Dynamically enable window occlusion 0
1722356157353	Marionette	INFO	Marionette enabled
1722356157416	Marionette	INFO	Listening on port 52489
WebDriver BiDi listening on ws://127.0.0.1:52482
Read port: 52489
1722356157540	RemoteAgent	WARN	TLS certificate errors will be ignored for this session
DevTools listening on ws://127.0.0.1:52482/devtools/browser/6a7564d0-6a63-4695-9b2f-4a198aa56cac
JavaScript warning: https://www.triplejack.com/poker/main.e68d1d8d8a85a5480674.js, line 537: WebGL context was lost.
console.warn: LoginRecipes: "Falling back to a synchronous message for: https://www.triplejack.com."
JavaScript warning: https://www.triplejack.com/poker/main.e68d1d8d8a85a5480674.js, line 537: WEBGL_debug_renderer_info is deprecated in Firefox and will be removed. Please use RENDERER.
1722356188858	addons.xpi	ERROR	System addon update list error SyntaxError: XMLHttpRequest.open: 'http://%(server)s/dummy-system-addons.xml' is not a valid URL.
JavaScript warning: https://www.triplejack.com/poker/main.e68d1d8d8a85a5480674.js, line 2: Script terminated by timeout at:
3653/a.leaveBreadcrumb@https://www.triplejack.com/poker/main.e68d1d8d8a85a5480674.js:2:23133
3653/it/load/n/e.exports@https://www.triplejack.com/poker/main.e68d1d8d8a85a5480674.js:2:37036

JavaScript error: resource://gre/actors/AudioPlaybackChild.sys.mjs, line 17: InvalidStateError: JSWindowActorChild.sendAsyncMessage: JSWindowActorChild cannot send at the moment
1722356205214	Marionette	INFO	Stopped listening on port 52489
Dynamically enable window occlusion 1
1722356210487	geckodriver	INFO	Listening on 127.0.0.1:52558
1722356213556	mozrunner::runner	INFO	Running command: "C:\\Program Files\\Mozilla Firefox\\firefox.exe" "--marionette" "--remote-debugging-port" "52559" "--remote-allow-hosts" "localhost" "-no-remote" "-profile" "C:\\Users\\COMPUT~1\\AppData\\Local\\Temp\\rust_mozprofileLDwzhx"
console.warn: services.settings: Ignoring preference override of remote settings server
console.warn: services.settings: Allow by setting MOZ_REMOTE_SETTINGS_DEVTOOLS=1 in the environment
Dynamically enable window occlusion 0
1722356216268	Marionette	INFO	Marionette enabled
1722356216331	Marionette	INFO	Listening on port 52567
WebDriver BiDi listening on ws://127.0.0.1:52559
Read port: 52567
1722356216458	RemoteAgent	WARN	TLS certificate errors will be ignored for this session
DevTools listening on ws://127.0.0.1:52559/devtools/browser/7c766b48-ee15-41c3-b8f9-27f6b98776c7
JavaScript warning: https://www.triplejack.com/poker/main.e68d1d8d8a85a5480674.js, line 537: WebGL context was lost.
console.warn: LoginRecipes: "Falling back to a synchronous message for: https://www.triplejack.com."
JavaScript warning: https://www.triplejack.com/poker/main.e68d1d8d8a85a5480674.js, line 537: WEBGL_debug_renderer_info is deprecated in Firefox and will be removed. Please use RENDERER.
1722356246515	addons.xpi	ERROR	System addon update list error SyntaxError: XMLHttpRequest.open: 'http://%(server)s/dummy-system-addons.xml' is not a valid URL.
JavaScript warning: https://www.triplejack.com/poker/main.e68d1d8d8a85a5480674.js, line 2: Script terminated by timeout at:
3653/a.leaveBreadcrumb@https://www.triplejack.com/poker/main.e68d1d8d8a85a5480674.js:2:23133
3653/it/load/n/e.exports@https://www.triplejack.com/poker/main.e68d1d8d8a85a5480674.js:2:37036

JavaScript error: resource://gre/actors/AudioPlaybackChild.sys.mjs, line 17: InvalidStateError: JSWindowActorChild.sendAsyncMessage: JSWindowActorChild cannot send at the moment
1722356251254	Marionette	INFO	Stopped listening on port 52567
Dynamically enable window occlusion 1
